- Solution found in 27 steps!
1. move h p1 p0
2. collect-w2 h w2 p0
3. move h p0 p1
4. kill-m2 h m20 p1 p6
5. move h p6 p5
6. move h p5 p10
7. move h p10 p15
8. move h p15 p20
9. move h p20 p21
10. move h p21 p22
11. collect-w4 h w4 p22
12. move h p22 p17
13. move h p17 p18
14. collect-w3 h w3 p18
15. kill-m3 h m30 p18 p13
16. move h p13 p8
17. move h p8 p9
18. collect-w1 h w1 p9
19. move h p9 p8
20. kill-m4 h m40 p8 p3
21. move h p3 p8
22. collect-w0 h w0 p8
23. kill-m0 h m00 p8 p7
24. move h p7 p8
25. move h p8 p13
26. move h p13 p18
27. kill-m1 h m10 p18 p19
time (ms): 51973737
